#
# A fatal error has been detected by the Java Runtime Environment:
#
#  SIGSEGV (0xb) at pc=0x000000013410d5c3, pid=19272, tid=1811
#
# JRE version: Java(TM) SE Runtime Environment (8.0_45-b14) (build 1.8.0_45-b14)
# Java VM: Java HotSpot(TM) 64-Bit Server VM (25.45-b02 mixed mode bsd-amd64 compressed oops)
# Problematic frame:
# C  [libjfxwebkit.dylib+0x9385c3]  Java_com_sun_webkit_PopupMenu_twkPopupClosed+0x6253
#
# Failed to write core dump. Core dumps have been disabled. To enable core dumping, try "ulimit -c unlimited" before starting Java again
#
# If you would like to submit a bug report, please visit:
#   http://bugreport.java.com/bugreport/crash.jsp
#

---------------  T H R E A D  ---------------

Current thread is native thread

siginfo: si_signo: 11 (SIGSEGV), si_code: 1 (SEGV_MAPERR), si_addr: 0x0000000000000000

Registers:
RAX=0x00007fff5090a050, RBX=0x00007fe8d49aa638, RCX=0x00007fff5090a024, RDX=0x00007fe8d9e300f8
RSP=0x00007fff50909f70, RBP=0x00007fff5090a040, RSI=0x00007fe8dbb788e0, RDI=0x0000000000000000
R8 =0x0000000000001000, R9 =0x00007fe8c6400000, R10=0x0000000000000060, R11=0x00007fe8c6400000
R12=0x00007fe8d49aa600, R13=0x000000013e54f0c0, R14=0x0000000000000000, R15=0x0000000000000000
RIP=0x000000013410d5c3, EFLAGS=0x0000000000010246, ERR=0x0000000000000004
  TRAPNO=0x000000000000000e

Top of Stack: (sp=0x00007fff50909f70)
0x00007fff50909f70:   0000000000000028 0000000000000002
0x00007fff50909f80:   00007fff50909fa0 00007fff5090a024
0x00007fff50909f90:   0000000000001000 00007fe8c6400000
0x00007fff50909fa0:   00007fff50909ff0 000000013411b1d0
0x00007fff50909fb0:   00007fff5090a040 00007fe8d9e4c000
0x00007fff50909fc0:   0000001fd9e217b0 00007fff5090a040
0x00007fff50909fd0:   00007fe8d9e217b0 00007fe8e1304500
0x00007fff50909fe0:   00007fff5090a010 0000000110917d59
0x00007fff50909ff0:   00007fff5090a010 0000000000010002
0x00007fff5090a000:   00007fff5090a058 0000000110e07848
0x00007fff5090a010:   00007fff5090a040 0000000110915c5f
0x00007fff5090a020:   fffffffe00000000 0000003000000018
0x00007fff5090a030:   00007fff5090a050 00007fff50909f70
0x00007fff5090a040:   00007fff5090a070 00000001340c9746
0x00007fff5090a050:   00007fff5090a140 0000000000000000
0x00007fff5090a060:   00007fe8d49aa638 0000000000000000
0x00007fff5090a070:   00007fff5090a0c0 00000001340af80c
0x00007fff5090a080:   00007fe8d9d325a0 0000007fe10e9e00
0x00007fff5090a090:   00007fe8d3e0ac00 00007fe8c64ee400
0x00007fff5090a0a0:   00007fe8d49aa600 000000013e54f0c0
0x00007fff5090a0b0:   0000000000000000 0000000000000000
0x00007fff5090a0c0:   00007fff5090a100 00000001340acd67
0x00007fff5090a0d0:   00007fff5090a170 00007fff8b3fa4ff
0x00007fff5090a0e0:   000000010f310000 00007fe8c64ed5c0
0x00007fff5090a0f0:   0000000000000010 00007fe8c64ee400
0x00007fff5090a100:   00007fff5090a130 00000001340a29d5
0x00007fff5090a110:   00007fe8c64ee400 00007fe8e1a83f48
0x00007fff5090a120:   00007fe8c64f8da0 0000000000000003
0x00007fff5090a130:   00007fff5090a150 0000000134238067
0x00007fff5090a140:   00007fe8c64ee400 00007fe8c64f8da0
0x00007fff5090a150:   00007fff5090a170 00000001342af12d
0x00007fff5090a160:   00007fe8c64f8da0 00007fe8c64f8f40 

Instructions: (pc=0x000000013410d5c3)
0x000000013410d5a3:   8d 85 30 ff ff ff 48 89 45 f8 48 8d 45 10 48 89
0x000000013410d5b3:   45 f0 c7 45 ec 30 00 00 00 c7 45 e8 18 00 00 00
0x000000013410d5c3:   48 8b 07 48 8d 4d e8 ff 90 90 01 00 00 48 81 c4
0x000000013410d5d3:   d0 00 00 00 5d c3 90 90 90 90 90 90 90 55 48 89 

Register to memory mapping:

RAX=0x00007fff5090a050 is an unknown value
RBX=0x00007fe8d49aa638 is an unknown value
RCX=0x00007fff5090a024 is an unknown value
RDX=0x00007fe8d9e300f8 is an unknown value
RSP=0x00007fff50909f70 is an unknown value
RBP=0x00007fff5090a040 is an unknown value
RSI=0x00007fe8dbb788e0 is a global jni handle
RDI=0x0000000000000000 is an unknown value
R8 =0x0000000000001000 is an unknown value
R9 =0x00007fe8c6400000 is an unknown value
R10=0x0000000000000060 is an unknown value
R11=0x00007fe8c6400000 is an unknown value
R12=0x00007fe8d49aa600 is an unknown value
R13=0x000000013e54f0c0 is an unknown value
R14=0x0000000000000000 is an unknown value
R15=0x0000000000000000 is an unknown value


Stack: [0x00007fff5010e000,0x00007fff5090e000],  sp=0x00007fff50909f70,  free space=8175k
Native frames: (J=compiled Java code, j=interpreted, Vv=VM code, C=native code)
C  [libjfxwebkit.dylib+0x9385c3]  Java_com_sun_webkit_PopupMenu_twkPopupClosed+0x6253
C  [libjfxwebkit.dylib+0x8f4746]  Java_com_sun_webkit_graphics_WCGraphicsManager_append+0x906
C  [libjfxwebkit.dylib+0x8da80c]  Java_com_sun_webkit_dom_EventListenerImpl_twkDispatchEvent+0x51b8ec
C  [libjfxwebkit.dylib+0x8d7d67]  Java_com_sun_webkit_dom_EventListenerImpl_twkDispatchEvent+0x518e47
C  [libjfxwebkit.dylib+0x8cd9d5]  Java_com_sun_webkit_dom_EventListenerImpl_twkDispatchEvent+0x50eab5
C  [libjfxwebkit.dylib+0xa63067]  Java_com_sun_webkit_network_URLLoader_twkWillSendRequest+0x10eb97
C  [libjfxwebkit.dylib+0xada12d]  Java_com_sun_webkit_network_URLLoader_twkWillSendRequest+0x185c5d
C  [libjfxwebkit.dylib+0x4f3237]  Java_com_sun_webkit_dom_EventListenerImpl_twkDispatchEvent+0x134317
C  [libjfxwebkit.dylib+0x4f14ee]  Java_com_sun_webkit_dom_EventListenerImpl_twkDispatchEvent+0x1325ce
C  [libjfxwebkit.dylib+0x51b7ab]  Java_com_sun_webkit_dom_EventListenerImpl_twkDispatchEvent+0x15c88b
C  [libjfxwebkit.dylib+0x516c50]  Java_com_sun_webkit_dom_EventListenerImpl_twkDispatchEvent+0x157d30
C  [libjfxwebkit.dylib+0x541fb1]  Java_com_sun_webkit_dom_EventListenerImpl_twkDispatchEvent+0x183091
C  [libjfxwebkit.dylib+0x4aec06]  Java_com_sun_webkit_dom_EventListenerImpl_twkDispatchEvent+0xefce6
C  [libjfxwebkit.dylib+0x5b9e40]  Java_com_sun_webkit_dom_EventListenerImpl_twkDispatchEvent+0x1faf20
C  [libjfxwebkit.dylib+0x6dcc61]  Java_com_sun_webkit_dom_EventListenerImpl_twkDispatchEvent+0x31dd41
C  [libjfxwebkit.dylib+0x5337a6]  Java_com_sun_webkit_dom_EventListenerImpl_twkDispatchEvent+0x174886
C  [libjfxwebkit.dylib+0x5488bb]  Java_com_sun_webkit_dom_EventListenerImpl_twkDispatchEvent+0x18999b
C  [libjfxwebkit.dylib+0x58e802]  Java_com_sun_webkit_dom_EventListenerImpl_twkDispatchEvent+0x1cf8e2
C  [libjfxwebkit.dylib+0x3eb51a]  Java_com_sun_webkit_dom_EventListenerImpl_twkDispatchEvent+0x2c5fa
C  [libjfxwebkit.dylib+0xde934f]  JSValueIsObjectOfClass+0x5080f
C  [libjfxwebkit.dylib+0xde9858]  JSValueIsObjectOfClass+0x50d18
C  [libjfxwebkit.dylib+0xdf2346]  JSValueIsObjectOfClass+0x59806
C  [libjfxwebkit.dylib+0xdefe22]  JSValueIsObjectOfClass+0x572e2
C  [libjfxwebkit.dylib+0xdef899]  JSValueIsObjectOfClass+0x56d59
C  [CoreFoundation+0xb72e4]  __CFRUNLOOP_IS_CALLING_OUT_TO_A_TIMER_CALLBACK_FUNCTION__+0x14
C  [CoreFoundation+0xb6f73]  __CFRunLoopDoTimer+0x423
C  [CoreFoundation+0x12a53d]  __CFRunLoopDoTimers+0x12d
C  [CoreFoundation+0x72608]  __CFRunLoopRun+0x7e8
C  [CoreFoundation+0x71bd8]  CFRunLoopRunSpecific+0x128
C  [java+0x6490]  CreateExecutionEnvironment+0x367
C  [java+0x221c]  JLI_Launch+0x7a0
C  [java+0x84ed]  main+0x65
C  [java+0x1a74]  start+0x34


---------------  P R O C E S S  ---------------

VM state:at safepoint (normal execution)

VM Mutex/Monitor currently owned by a thread:  ([mutex/lock_event])
[0x00007fe8d3420500] Threads_lock - owner thread: 0x00007fe8d581b000
[0x00007fe8d3420a00] Heap_lock - owner thread: 0x00007fe8d4044800

Heap:
 PSYoungGen      total 803840K, used 142764K [0x000000076ab00000, 0x00000007b5f00000, 0x00000007c0000000)
  eden space 788992K, 16% used [0x000000076ab00000,0x0000000772967350,0x000000079ad80000)
  from space 14848K, 89% used [0x000000079ad80000,0x000000079ba84060,0x000000079bc00000)
  to   space 15360K, 0% used [0x00000007b5000000,0x00000007b5000000,0x00000007b5f00000)
 ParOldGen       total 82432K, used 31590K [0x00000006c0000000, 0x00000006c5080000, 0x000000076ab00000)
  object space 82432K, 38% used [0x00000006c0000000,0x00000006c1ed9a78,0x00000006c5080000)
 Metaspace       used 27313K, capacity 28738K, committed 28796K, reserved 1075200K
  class space    used 3365K, capacity 3670K, committed 3712K, reserved 1048576K

Card table byte_map: [0x0000000120929000,0x000000012112a000] byte_map_base: 0x000000011d329000

Marking Bits: (ParMarkBitMap*) 0x0000000110ec27a0
 Begin Bits: [0x0000000121e98000, 0x0000000125e98000)
 End Bits:   [0x0000000125e98000, 0x0000000129e98000)

Polling page: 0x000000010f580000

CodeCache: size=245760Kb used=23718Kb max_used=23721Kb free=222041Kb
 bounds [0x0000000111569000, 0x0000000112cc9000, 0x0000000120569000]
 total_blobs=7781 nmethods=7003 adapters=689
 compilation: enabled

Compilation events (10 events):
Event: 123.958 Thread 0x00007fe8d383d000 8548       3       java.net.SocketInputStream::read (15 bytes)
Event: 123.959 Thread 0x00007fe8d383d000 nmethod 8548 0x0000000112cb10d0 code [0x0000000112cb1240, 0x0000000112cb1468]
Event: 124.038 Thread 0x00007fe8d383b800 8549       4       com.sun.javafx.webkit.prism.WCGraphicsPrismContext::init (75 bytes)
Event: 124.038 Thread 0x00007fe8d6800000 8550       4       com.sun.javafx.webkit.prism.WCGraphicsPrismContext$1::doPaint (124 bytes)
Event: 124.050 Thread 0x00007fe8d383b800 nmethod 8549 0x0000000112cad790 code [0x0000000112cada60, 0x0000000112cae858]
Event: 124.064 Thread 0x00007fe8d6800000 nmethod 8550 0x0000000112cba650 code [0x0000000112cba8e0, 0x0000000112cbb8c8]
Event: 124.538 Thread 0x00007fe8d383d000 8551       3       java.lang.invoke.MethodHandles$Lookup::findStatic (27 bytes)
Event: 124.539 Thread 0x00007fe8d383d000 nmethod 8551 0x0000000112cb9fd0 code [0x0000000112cba160, 0x0000000112cba508]
Event: 124.539 Thread 0x00007fe8d383d000 8552       3       java.util.logging.LogManager$LoggerContext::ensureDefaultLogger (70 bytes)
Event: 124.540 Thread 0x00007fe8d383d000 nmethod 8552 0x0000000112cb9350 code [0x0000000112cb9520, 0x0000000112cb9dc8]

GC Heap History (10 events):
Event: 13.504 GC heap before
{Heap before GC invocations=8 (full 1):
 PSYoungGen      total 272896K, used 262144K [0x000000076ab00000, 0x000000077c000000, 0x00000007c0000000)
  eden space 262144K, 100% used [0x000000076ab00000,0x000000077ab00000,0x000000077ab00000)
  from space 10752K, 0% used [0x000000077b580000,0x000000077b580000,0x000000077c000000)
  to   space 10752K, 0% used [0x000000077ab00000,0x000000077ab00000,0x000000077b580000)
 ParOldGen       total 82432K, used 11342K [0x00000006c0000000, 0x00000006c5080000, 0x000000076ab00000)
  object space 82432K, 13% used [0x00000006c0000000,0x00000006c0b13b40,0x00000006c5080000)
 Metaspace       used 25264K, capacity 26482K, committed 26620K, reserved 1073152K
  class space    used 3282K, capacity 3526K, committed 3584K, reserved 1048576K
Event: 13.513 GC heap after
Heap after GC invocations=8 (full 1):
 PSYoungGen      total 272896K, used 10743K [0x000000076ab00000, 0x000000078b900000, 0x00000007c0000000)
  eden space 262144K, 0% used [0x000000076ab00000,0x000000076ab00000,0x000000077ab00000)
  from space 10752K, 99% used [0x000000077ab00000,0x000000077b57df00,0x000000077b580000)
  to   space 12800K, 0% used [0x000000078ac80000,0x000000078ac80000,0x000000078b900000)
 ParOldGen       total 82432K, used 14628K [0x00000006c0000000, 0x00000006c5080000, 0x000000076ab00000)
  object space 82432K, 17% used [0x00000006c0000000,0x00000006c0e49140,0x00000006c5080000)
 Metaspace       used 25264K, capacity 26482K, committed 26620K, reserved 1073152K
  class space    used 3282K, capacity 3526K, committed 3584K, reserved 1048576K
}
Event: 44.381 GC heap before
{Heap before GC invocations=9 (full 1):
 PSYoungGen      total 272896K, used 272887K [0x000000076ab00000, 0x000000078b900000, 0x00000007c0000000)
  eden space 262144K, 100% used [0x000000076ab00000,0x000000077ab00000,0x000000077ab00000)
  from space 10752K, 99% used [0x000000077ab00000,0x000000077b57df00,0x000000077b580000)
  to   space 12800K, 0% used [0x000000078ac80000,0x000000078ac80000,0x000000078b900000)
 ParOldGen       total 82432K, used 14628K [0x00000006c0000000, 0x00000006c5080000, 0x000000076ab00000)
  object space 82432K, 17% used [0x00000006c0000000,0x00000006c0e49140,0x00000006c5080000)
 Metaspace       used 25821K, capacity 27076K, committed 27132K, reserved 1073152K
  class space    used 3293K, capacity 3567K, committed 3584K, reserved 1048576K
Event: 44.387 GC heap after
Heap after GC invocations=9 (full 1):
 PSYoungGen      total 519680K, used 10664K [0x000000076ab00000, 0x000000078b700000, 0x00000007c0000000)
  eden space 508928K, 0% used [0x000000076ab00000,0x000000076ab00000,0x0000000789c00000)
  from space 10752K, 99% used [0x000000078ac80000,0x000000078b6ea0a8,0x000000078b700000)
  to   space 12288K, 0% used [0x0000000789f00000,0x0000000789f00000,0x000000078ab00000)
 ParOldGen       total 82432K, used 14636K [0x00000006c0000000, 0x00000006c5080000, 0x000000076ab00000)
  object space 82432K, 17% used [0x00000006c0000000,0x00000006c0e4b140,0x00000006c5080000)
 Metaspace       used 25821K, capacity 27076K, committed 27132K, reserved 1073152K
  class space    used 3293K, capacity 3567K, committed 3584K, reserved 1048576K
}
Event: 69.883 GC heap before
{Heap before GC invocations=10 (full 1):
 PSYoungGen      total 519680K, used 519592K [0x000000076ab00000, 0x000000078b700000, 0x00000007c0000000)
  eden space 508928K, 100% used [0x000000076ab00000,0x0000000789c00000,0x0000000789c00000)
  from space 10752K, 99% used [0x000000078ac80000,0x000000078b6ea0a8,0x000000078b700000)
  to   space 12288K, 0% used [0x0000000789f00000,0x0000000789f00000,0x000000078ab00000)
 ParOldGen       total 82432K, used 14636K [0x00000006c0000000, 0x00000006c5080000, 0x000000076ab00000)
  object space 82432K, 17% used [0x00000006c0000000,0x00000006c0e4b140,0x00000006c5080000)
 Metaspace       used 26616K, capacity 27972K, committed 28284K, reserved 1073152K
  class space    used 3302K, capacity 3607K, committed 3712K, reserved 1048576K
Event: 69.895 GC heap after
Heap after GC invocations=10 (full 1):
 PSYoungGen      total 524288K, used 12273K [0x000000076ab00000, 0x000000079ce00000, 0x00000007c0000000)
  eden space 512000K, 0% used [0x000000076ab00000,0x000000076ab00000,0x0000000789f00000)
  from space 12288K, 99% used [0x0000000789f00000,0x000000078aafc770,0x000000078ab00000)
  to   space 15360K, 0% used [0x000000079bf00000,0x000000079bf00000,0x000000079ce00000)
 ParOldGen       total 82432K, used 20153K [0x00000006c0000000, 0x00000006c5080000, 0x000000076ab00000)
  object space 82432K, 24% used [0x00000006c0000000,0x00000006c13ae6b8,0x00000006c5080000)
 Metaspace       used 26616K, capacity 27972K, committed 28284K, reserved 1073152K
  class space    used 3302K, capacity 3607K, committed 3712K, reserved 1048576K
}
Event: 86.387 GC heap before
{Heap before GC invocations=11 (full 1):
 PSYoungGen      total 524288K, used 524273K [0x000000076ab00000, 0x000000079ce00000, 0x00000007c0000000)
  eden space 512000K, 100% used [0x000000076ab00000,0x0000000789f00000,0x0000000789f00000)
  from space 12288K, 99% used [0x0000000789f00000,0x000000078aafc770,0x000000078ab00000)
  to   space 15360K, 0% used [0x000000079bf00000,0x000000079bf00000,0x000000079ce00000)
 ParOldGen       total 82432K, used 20153K [0x00000006c0000000, 0x00000006c5080000, 0x000000076ab00000)
  object space 82432K, 24% used [0x00000006c0000000,0x00000006c13ae6b8,0x00000006c5080000)
 Metaspace       used 26896K, capacity 28262K, committed 28540K, reserved 1075200K
  class space    used 3314K, capacity 3616K, committed 3712K, reserved 1048576K
Event: 86.396 GC heap after
Heap after GC invocations=11 (full 1):
 PSYoungGen      total 800768K, used 11189K [0x000000076ab00000, 0x000000079ca80000, 0x00000007c0000000)
  eden space 788992K, 0% used [0x000000076ab00000,0x000000076ab00000,0x000000079ad80000)
  from space 11776K, 95% used [0x000000079bf00000,0x000000079c9ed798,0x000000079ca80000)
  to   space 14848K, 0% used [0x000000079ad80000,0x000000079ad80000,0x000000079bc00000)
 ParOldGen       total 82432K, used 27090K [0x00000006c0000000, 0x00000006c5080000, 0x000000076ab00000)
  object space 82432K, 32% used [0x00000006c0000000,0x00000006c1a74848,0x00000006c5080000)
 Metaspace       used 26896K, capacity 28262K, committed 28540K, reserved 1075200K
  class space    used 3314K, capacity 3616K, committed 3712K, reserved 1048576K
}
Event: 119.350 GC heap before
{Heap before GC invocations=12 (full 1):
 PSYoungGen      total 800768K, used 800181K [0x000000076ab00000, 0x000000079ca80000, 0x00000007c0000000)
  eden space 788992K, 100% used [0x000000076ab00000,0x000000079ad80000,0x000000079ad80000)
  from space 11776K, 95% used [0x000000079bf00000,0x000000079c9ed798,0x000000079ca80000)
  to   space 14848K, 0% used [0x000000079ad80000,0x000000079ad80000,0x000000079bc00000)
 ParOldGen       total 82432K, used 27090K [0x00000006c0000000, 0x00000006c5080000, 0x000000076ab00000)
  object space 82432K, 32% used [0x00000006c0000000,0x00000006c1a74848,0x00000006c5080000)
 Metaspace       used 27265K, capacity 28706K, committed 28796K, reserved 1075200K
  class space    used 3359K, capacity 3662K, committed 3712K, reserved 1048576K
Event: 119.361 GC heap after
Heap after GC invocations=12 (full 1):
 PSYoungGen      total 803840K, used 13328K [0x000000076ab00000, 0x00000007b5f00000, 0x00000007c0000000)
  eden space 788992K, 0% used [0x000000076ab00000,0x000000076ab00000,0x000000079ad80000)
  from space 14848K, 89% used [0x000000079ad80000,0x000000079ba84060,0x000000079bc00000)
  to   space 15360K, 0% used [0x00000007b5000000,0x00000007b5000000,0x00000007b5f00000)
 ParOldGen       total 82432K, used 31590K [0x00000006c0000000, 0x00000006c5080000, 0x000000076ab00000)
  object space 82432K, 38% used [0x00000006c0000000,0x00000006c1ed9a78,0x00000006c5080000)
 Metaspace       used 27265K, capacity 28706K, committed 28796K, reserved 1075200K
  class space    used 3359K, capacity 3662K, committed 3712K, reserved 1048576K
}

Deoptimization events (10 events):
Event: 113.715 Thread 0x00007fe8d58f5800 Uncommon trap: reason=unstable_if action=reinterpret pc=0x00000001126c75bc method=com.sun.prism.impl.ManagedResource.bumpAge(I)V @ 7
Event: 116.633 Thread 0x00007fe8d61c2800 Uncommon trap: reason=unstable_if action=reinterpret pc=0x00000001127b5fd0 method=java.security.AccessControlContext.optimize()Ljava/security/AccessControlContext; @ 83
Event: 117.251 Thread 0x00007fe8de0e2800 Uncommon trap: reason=unstable_if action=reinterpret pc=0x0000000112a0a7d4 method=java.net.AbstractPlainSocketImpl.isConnectionResetPending()Z @ 15
Event: 124.507 Thread 0x00007fe8d61c2800 Uncommon trap: reason=unstable_if action=reinterpret pc=0x000000011180f774 method=com.sun.javafx.application.PlatformImpl.checkIdle()V @ 40
Event: 124.529 Thread 0x00007fe8d61c2800 Uncommon trap: reason=unstable_if action=reinterpret pc=0x000000011257798c method=com.sun.javafx.application.PlatformImpl.checkIdle()V @ 40
Event: 124.531 Thread 0x00007fe8d61c2800 Uncommon trap: reason=unstable_if action=reinterpret pc=0x0000000112780ab8 method=javafx.scene.web.WebView.handleStagePulse()V @ 42
Event: 124.536 Thread 0x00007fe8d48e2800 Uncommon trap: reason=unstable_if action=reinterpret pc=0x000000011292c368 method=com.sun.javafx.application.PlatformImpl.runLater(Ljava/lang/Runnable;Z)V @ 48
Event: 124.538 Thread 0x00007fe8d61c2800 Uncommon trap: reason=unstable_if action=reinterpret pc=0x00000001125292b8 method=java.util.concurrent.ThreadPoolExecutor.isRunning(I)Z @ 1
Event: 124.538 Thread 0x00007fe8d58f5800 Uncommon trap: reason=unstable_if action=reinterpret pc=0x000000011289ff7c method=java.util.concurrent.locks.AbstractQueuedSynchronizer$ConditionObject.checkInterruptWhileWaiting(Ljava/util/concurrent/locks/AbstractQueuedSynchronizer$Node;)I @ 3
Event: 124.538 Thread 0x00007fe8d58f5800 Uncommon trap: reason=unstable_if action=reinterpret pc=0x0000000111f213dc method=java.util.concurrent.ThreadPoolExecutor.getTask()Ljava/lang/Runnable; @ 16

Internal exceptions (10 events):
Event: 116.962 Thread 0x00007fe8d61c2800 Exception <a 'java/lang/ClassNotFoundException': sun/net/www/protocol/about/Handler> (0x0000000796a00728) thrown at [/Users/java_re/workspace/8-2-build-macosx-x86_64/jdk8u45/3457/hotspot/src/share/vm/classfile/systemDictionary.cpp, line 210]
Event: 116.963 Thread 0x00007fe8d61c2800 Exception <a 'java/lang/ClassNotFoundException': sun/net/www/protocol/about/Handler> (0x0000000796a036d8) thrown at [/Users/java_re/workspace/8-2-build-macosx-x86_64/jdk8u45/3457/hotspot/src/share/vm/classfile/systemDictionary.cpp, line 210]
Event: 116.994 Thread 0x00007fe8d61c2800 Exception <a 'java/lang/ClassNotFoundException': sun/net/www/protocol/about/Handler> (0x0000000797738f58) thrown at [/Users/java_re/workspace/8-2-build-macosx-x86_64/jdk8u45/3457/hotspot/src/share/vm/classfile/systemDictionary.cpp, line 210]
Event: 117.251 Thread 0x00007fe8de0e2800 Exception <a 'sun/net/ConnectionResetException': Connection reset> (0x0000000796dc8b78) thrown at [/Users/java_re/workspace/8-2-build-macosx-x86_64/jdk8u45/3457/hotspot/src/share/vm/prims/jni.cpp, line 735]
Event: 117.319 Thread 0x00007fe8d61c2800 Exception <a 'java/lang/ClassNotFoundException': sun/net/www/protocol/about/Handler> (0x0000000797abc2e0) thrown at [/Users/java_re/workspace/8-2-build-macosx-x86_64/jdk8u45/3457/hotspot/src/share/vm/classfile/systemDictionary.cpp, line 210]
Event: 118.307 Thread 0x00007fe8d61c2800 Exception <a 'java/lang/ClassNotFoundException': sun/net/www/protocol/about/Handler> (0x0000000798781628) thrown at [/Users/java_re/workspace/8-2-build-macosx-x86_64/jdk8u45/3457/hotspot/src/share/vm/classfile/systemDictionary.cpp, line 210]
Event: 118.308 Thread 0x00007fe8d61c2800 Exception <a 'java/lang/ClassNotFoundException': sun/net/www/protocol/about/Handler> (0x00000007987845f8) thrown at [/Users/java_re/workspace/8-2-build-macosx-x86_64/jdk8u45/3457/hotspot/src/share/vm/classfile/systemDictionary.cpp, line 210]
Event: 118.308 Thread 0x00007fe8d61c2800 Exception <a 'java/lang/ClassNotFoundException': sun/net/www/protocol/about/Handler> (0x00000007987875c8) thrown at [/Users/java_re/workspace/8-2-build-macosx-x86_64/jdk8u45/3457/hotspot/src/share/vm/classfile/systemDictionary.cpp, line 210]
Event: 118.309 Thread 0x00007fe8d61c2800 Exception <a 'java/lang/ClassNotFoundException': sun/net/www/protocol/about/Handler> (0x000000079878a598) thrown at [/Users/java_re/workspace/8-2-build-macosx-x86_64/jdk8u45/3457/hotspot/src/share/vm/classfile/systemDictionary.cpp, line 210]
Event: 123.349 Thread 0x00007fe8df0e6000 Exception <a 'java/net/SocketException': Socket closed> (0x0000000770ad54b0) thrown at [/Users/java_re/workspace/8-2-build-macosx-x86_64/jdk8u45/3457/hotspot/src/share/vm/prims/jni.cpp, line 735]

Events (10 events):
Event: 124.539 Executing VM operation: RevokeBias done
Event: 124.539 loading class com/sun/javafx/font/PrismFontFile
Event: 124.539 loading class com/sun/javafx/font/PrismFontFile done
Event: 124.539 Thread 0x00007fe8de9e2000 Thread exited: 0x00007fe8de9e2000
Event: 124.540 Executing VM operation: RevokeBias
Event: 124.540 Executing VM operation: RevokeBias done
Event: 124.540 Executing VM operation: RevokeBias
Event: 124.540 Executing VM operation: RevokeBias done
Event: 124.540 Thread 0x00007fe8e225e800 Thread exited: 0x00007fe8e225e800
Event: 124.540 Thread 0x00007fe8d4044800 Thread exited: 0x00007fe8d4044800


Dynamic libraries:
0x000000000b074000 	/System/Library/Frameworks/Cocoa.framework/Versions/A/Cocoa
0x000000000b074000 	/System/Library/Frameworks/Security.framework/Versions/A/Security
0x000000000b074000 	/System/Library/Frameworks/ApplicationServices.framework/Versions/A/ApplicationServices
0x000000000b074000 	/usr/lib/libz.1.dylib
0x000000000b074000 	/usr/lib/libSystem.B.dylib
0x000000000b074000 	/usr/lib/libobjc.A.dylib
0x000000000b074000 	/System/Library/Frameworks/CoreFoundation.framework/Versions/A/CoreFoundation
0x000000000b074000 	/System/Library/Frameworks/Foundation.framework/Versions/C/Foundation
0x000000000b074000 	/System/Library/Frameworks/AppKit.framework/Versions/C/AppKit
0x000000000b074000 	/System/Library/Frameworks/CoreData.framework/Versions/A/CoreData
0x000000000b074000 	/System/Library/PrivateFrameworks/RemoteViewServices.framework/Versions/A/RemoteViewServices
0x000000000b074000 	/System/Library/PrivateFrameworks/UIFoundation.framework/Versions/A/UIFoundation
0x000000000b074000 	/System/Library/Frameworks/IOSurface.framework/Versions/A/IOSurface
0x000000000b074000 	/System/Library/Frameworks/AudioToolbox.framework/Versions/A/AudioToolbox
0x000000000b074000 	/System/Library/Frameworks/AudioUnit.framework/Versions/A/AudioUnit
0x000000000b074000 	/System/Library/PrivateFrameworks/DataDetectorsCore.framework/Versions/A/DataDetectorsCore
0x000000000b074000 	/System/Library/PrivateFrameworks/DesktopServicesPriv.framework/Versions/A/DesktopServicesPriv
0x000000000b074000 	/System/Library/Frameworks/Carbon.framework/Versions/A/Frameworks/HIToolbox.framework/Versions/A/HIToolbox
0x000000000b074000 	/System/Library/Frameworks/QuartzCore.framework/Versions/A/QuartzCore
0x000000000b074000 	/System/Library/Frameworks/Carbon.framework/Versions/A/Frameworks/SpeechRecognition.framework/Versions/A/SpeechRecognition
0x000000000b074000 	/usr/lib/libauto.dylib
0x000000000b074000 	/usr/lib/libicucore.A.dylib
0x000000000b074000 	/usr/lib/libxml2.2.dylib
0x000000000b074000 	/System/Library/PrivateFrameworks/CoreUI.framework/Versions/A/CoreUI
0x000000000b074000 	/System/Library/Frameworks/CoreAudio.framework/Versions/A/CoreAudio
0x000000000b074000 	/System/Library/Frameworks/DiskArbitration.framework/Versions/A/DiskArbitration
0x000000000b074000 	/usr/lib/liblangid.dylib
0x000000000b074000 	/System/Library/PrivateFrameworks/MultitouchSupport.framework/Versions/A/MultitouchSupport
0x000000000b074000 	/System/Library/Frameworks/IOKit.framework/Versions/A/IOKit
0x000000000b074000 	/usr/lib/libDiagnosticMessagesClient.dylib
0x000000000b074000 	/System/Library/Frameworks/CoreServices.framework/Versions/A/CoreServices
0x000000000b074000 	/System/Library/PrivateFrameworks/PerformanceAnalysis.framework/Versions/A/PerformanceAnalysis
0x000000000b074000 	/System/Library/PrivateFrameworks/GenerationalStorage.framework/Versions/A/GenerationalStorage
0x000000000b074000 	/System/Library/Frameworks/OpenGL.framework/Versions/A/OpenGL
0x000000000b074000 	/System/Library/PrivateFrameworks/Sharing.framework/Versions/A/Sharing
0x000000000b074000 	/System/Library/Frameworks/CoreGraphics.framework/Versions/A/CoreGraphics
0x000000000b074000 	/System/Library/Frameworks/CoreText.framework/Versions/A/CoreText
0x000000000b074000 	/System/Library/Frameworks/ImageIO.framework/Versions/A/ImageIO
0x000000000b074000 	/usr/lib/libextension.dylib
0x000000000b074000 	/System/Library/PrivateFrameworks/Backup.framework/Versions/A/Backup
0x000000000b074000 	/usr/lib/libarchive.2.dylib
0x000000000b074000 	/System/Library/Frameworks/CFNetwork.framework/Versions/A/CFNetwork
0x000000000b074000 	/System/Library/Frameworks/SystemConfiguration.framework/Versions/A/SystemConfiguration
0x000000000b074000 	/usr/lib/libCRFSuite.dylib
0x000000000b074000 	/usr/lib/libc++.1.dylib
0x000000000b074000 	/usr/lib/libc++abi.dylib
0x000000000b074000 	/usr/lib/system/libcache.dylib
0x000000000b074000 	/usr/lib/system/libcommonCrypto.dylib
0x000000000b074000 	/usr/lib/system/libcompiler_rt.dylib
0x000000000b074000 	/usr/lib/system/libcopyfile.dylib
0x000000000b074000 	/usr/lib/system/libcorecrypto.dylib
0x000000000b074000 	/usr/lib/system/libdispatch.dylib
0x000000000b074000 	/usr/lib/system/libdyld.dylib
0x000000000b074000 	/usr/lib/system/libkeymgr.dylib
0x000000000b074000 	/usr/lib/system/liblaunch.dylib
0x000000000b074000 	/usr/lib/system/libmacho.dylib
0x000000000b074000 	/usr/lib/system/libquarantine.dylib
0x000000000b074000 	/usr/lib/system/libremovefile.dylib
0x000000000b074000 	/usr/lib/system/libsystem_asl.dylib
0x000000000b074000 	/usr/lib/system/libsystem_blocks.dylib
0x000000000b074000 	/usr/lib/system/libsystem_c.dylib
0x000000000b074000 	/usr/lib/system/libsystem_configuration.dylib
0x000000000b074000 	/usr/lib/system/libsystem_coreservices.dylib
0x000000000b074000 	/usr/lib/system/libsystem_coretls.dylib
0x000000000b074000 	/usr/lib/system/libsystem_dnssd.dylib
0x000000000b074000 	/usr/lib/system/libsystem_info.dylib
0x000000000b074000 	/usr/lib/system/libsystem_kernel.dylib
0x000000000b074000 	/usr/lib/system/libsystem_m.dylib
0x000000000b074000 	/usr/lib/system/libsystem_malloc.dylib
0x000000000b074000 	/usr/lib/system/libsystem_network.dylib
0x000000000b074000 	/usr/lib/system/libsystem_networkextension.dylib
0x000000000b074000 	/usr/lib/system/libsystem_notify.dylib
0x000000000b074000 	/usr/lib/system/libsystem_platform.dylib
0x000000000b074000 	/usr/lib/system/libsystem_pthread.dylib
0x000000000b074000 	/usr/lib/system/libsystem_sandbox.dylib
0x000000000b074000 	/usr/lib/system/libsystem_secinit.dylib
0x000000000b074000 	/usr/lib/system/libsystem_stats.dylib
0x000000000b074000 	/usr/lib/system/libsystem_trace.dylib
0x000000000b074000 	/usr/lib/system/libunc.dylib
0x000000000b074000 	/usr/lib/system/libunwind.dylib
0x000000000b074000 	/usr/lib/system/libxpc.dylib
0x000000000b074000 	/usr/lib/libbz2.1.0.dylib
0x000000000b074000 	/usr/lib/liblzma.5.dylib
0x000000000b074000 	/usr/lib/libbsm.0.dylib
0x000000000b074000 	/usr/lib/libsqlite3.dylib
0x000000000b074000 	/usr/lib/system/libkxld.dylib
0x000000000b074000 	/usr/lib/libxar.1.dylib
0x000000000b074000 	/usr/lib/libpam.2.dylib
0x000000000b074000 	/usr/lib/libOpenScriptingUtil.dylib
0x000000000b074000 	/System/Library/Frameworks/CoreServices.framework/Versions/A/Frameworks/FSEvents.framework/Versions/A/FSEvents
0x000000000b074000 	/System/Library/Frameworks/CoreServices.framework/Versions/A/Frameworks/CarbonCore.framework/Versions/A/CarbonCore
0x000000000b074000 	/System/Library/Frameworks/CoreServices.framework/Versions/A/Frameworks/Metadata.framework/Versions/A/Metadata
0x000000000b074000 	/System/Library/Frameworks/CoreServices.framework/Versions/A/Frameworks/OSServices.framework/Versions/A/OSServices
0x000000000b074000 	/System/Library/Frameworks/CoreServices.framework/Versions/A/Frameworks/SearchKit.framework/Versions/A/SearchKit
0x000000000b074000 	/System/Library/Frameworks/CoreServices.framework/Versions/A/Frameworks/AE.framework/Versions/A/AE
0x000000000b074000 	/System/Library/Frameworks/CoreServices.framework/Versions/A/Frameworks/LaunchServices.framework/Versions/A/LaunchServices
0x000000000b074000 	/System/Library/Frameworks/CoreServices.framework/Versions/A/Frameworks/DictionaryServices.framework/Versions/A/DictionaryServices
0x000000000b074000 	/System/Library/Frameworks/NetFS.framework/Versions/A/NetFS
0x000000000b074000 	/System/Library/PrivateFrameworks/NetAuth.framework/Versions/A/NetAuth
0x000000000b074000 	/System/Library/PrivateFrameworks/login.framework/Versions/A/Frameworks/loginsupport.framework/Versions/A/loginsupport
0x000000000b074000 	/System/Library/PrivateFrameworks/TCC.framework/Versions/A/TCC
0x000000000b074000 	/usr/lib/libmecabra.dylib
0x000000000b074000 	/System/Library/Frameworks/ApplicationServices.framework/Versions/A/Frameworks/ATS.framework/Versions/A/ATS
0x000000000b074000 	/System/Library/Frameworks/ApplicationServices.framework/Versions/A/Frameworks/ColorSync.framework/Versions/A/ColorSync
0x000000000b074000 	/System/Library/Frameworks/ApplicationServices.framework/Versions/A/Frameworks/HIServices.framework/Versions/A/HIServices
0x000000000b074000 	/System/Library/Frameworks/ApplicationServices.framework/Versions/A/Frameworks/LangAnalysis.framework/Versions/A/LangAnalysis
0x000000000b074000 	/System/Library/Frameworks/ApplicationServices.framework/Versions/A/Frameworks/PrintCore.framework/Versions/A/PrintCore
0x000000000b074000 	/System/Library/Frameworks/ApplicationServices.framework/Versions/A/Frameworks/QD.framework/Versions/A/QD
0x000000000b074000 	/System/Library/Frameworks/ApplicationServices.framework/Versions/A/Frameworks/SpeechSynthesis.framework/Versions/A/SpeechSynthesis
0x000000000b074000 	/System/Library/Frameworks/Accelerate.framework/Versions/A/Accelerate
0x000000000b074000 	/System/Library/Frameworks/Accelerate.framework/Versions/A/Frameworks/vImage.framework/Versions/A/vImage
0x000000000b074000 	/System/Library/Frameworks/Accelerate.framework/Versions/A/Frameworks/vecLib.framework/Versions/A/vecLib
0x000000000b074000 	/System/Library/Frameworks/Accelerate.framework/Versions/A/Frameworks/vecLib.framework/Versions/A/libvDSP.dylib
0x000000000b074000 	/System/Library/Frameworks/Accelerate.framework/Versions/A/Frameworks/vecLib.framework/Versions/A/libvMisc.dylib
0x000000000b074000 	/System/Library/Frameworks/Accelerate.framework/Versions/A/Frameworks/vecLib.framework/Versions/A/libLAPACK.dylib
0x000000000b074000 	/System/Library/Frameworks/Accelerate.framework/Versions/A/Frameworks/vecLib.framework/Versions/A/libBLAS.dylib
0x000000000b074000 	/System/Library/Frameworks/Accelerate.framework/Versions/A/Frameworks/vecLib.framework/Versions/A/libLinearAlgebra.dylib
0x000000000b074000 	/System/Library/Frameworks/ApplicationServices.framework/Versions/A/Frameworks/ATS.framework/Versions/A/Resources/libFontParser.dylib
0x000000000b074000 	/System/Library/Frameworks/ApplicationServices.framework/Versions/A/Frameworks/ATS.framework/Versions/A/Resources/libFontRegistry.dylib
0x000000000b074000 	/System/Library/PrivateFrameworks/AppleVPA.framework/Versions/A/AppleVPA
0x000000000b074000 	/System/Library/PrivateFrameworks/AppleJPEG.framework/Versions/A/AppleJPEG
0x000000000b074000 	/System/Library/Frameworks/ImageIO.framework/Versions/A/Resources/libJPEG.dylib
0x000000000b074000 	/System/Library/Frameworks/ImageIO.framework/Versions/A/Resources/libTIFF.dylib
0x000000000b074000 	/System/Library/Frameworks/ImageIO.framework/Versions/A/Resources/libPng.dylib
0x000000000b074000 	/System/Library/Frameworks/ImageIO.framework/Versions/A/Resources/libGIF.dylib
0x000000000b074000 	/System/Library/Frameworks/ImageIO.framework/Versions/A/Resources/libJP2.dylib
0x000000000b074000 	/System/Library/Frameworks/ImageIO.framework/Versions/A/Resources/libRadiance.dylib
0x000000000b074000 	/System/Library/Frameworks/CoreVideo.framework/Versions/A/CoreVideo
0x000000000b074000 	/System/Library/Frameworks/OpenGL.framework/Versions/A/Libraries/libGLU.dylib
0x000000000b074000 	/System/Library/Frameworks/OpenGL.framework/Versions/A/Libraries/libGFXShared.dylib
0x000000000b074000 	/System/Library/Frameworks/OpenGL.framework/Versions/A/Libraries/libGL.dylib
0x000000000b074000 	/System/Library/Frameworks/OpenGL.framework/Versions/A/Libraries/libGLImage.dylib
0x000000000b074000 	/System/Library/Frameworks/OpenGL.framework/Versions/A/Libraries/libCVMSPluginSupport.dylib
0x000000000b074000 	/System/Library/Frameworks/OpenGL.framework/Versions/A/Libraries/libCoreVMClient.dylib
0x000000000b074000 	/usr/lib/libcups.2.dylib
0x000000000b074000 	/System/Library/Frameworks/Kerberos.framework/Versions/A/Kerberos
0x000000000b074000 	/System/Library/Frameworks/GSS.framework/Versions/A/GSS
0x000000000b074000 	/usr/lib/libresolv.9.dylib
0x000000000b074000 	/usr/lib/libiconv.2.dylib
0x000000000b074000 	/System/Library/PrivateFrameworks/Heimdal.framework/Versions/A/Heimdal
0x000000000b074000 	/usr/lib/libheimdal-asn1.dylib
0x000000000b074000 	/System/Library/Frameworks/OpenDirectory.framework/Versions/A/OpenDirectory
0x000000000b074000 	/System/Library/PrivateFrameworks/CommonAuth.framework/Versions/A/CommonAuth
0x000000000b074000 	/System/Library/Frameworks/OpenDirectory.framework/Versions/A/Frameworks/CFOpenDirectory.framework/Versions/A/CFOpenDirectory
0x000000000b074000 	/System/Library/Frameworks/SecurityFoundation.framework/Versions/A/SecurityFoundation
0x000000000b074000 	/System/Library/PrivateFrameworks/LanguageModeling.framework/Versions/A/LanguageModeling
0x000000000b074000 	/usr/lib/libcmph.dylib
0x000000000b074000 	/System/Library/Frameworks/ServiceManagement.framework/Versions/A/ServiceManagement
0x000000000b074000 	/usr/lib/libxslt.1.dylib
0x000000000b074000 	/System/Library/Frameworks/Carbon.framework/Versions/A/Frameworks/Ink.framework/Versions/A/Ink
0x000000000b074000 	/System/Library/Frameworks/QuartzCore.framework/Versions/A/Frameworks/CoreImage.framework/Versions/A/CoreImage
0x000000000b074000 	/System/Library/PrivateFrameworks/CrashReporterSupport.framework/Versions/A/CrashReporterSupport
0x000000000b074000 	/System/Library/Frameworks/OpenCL.framework/Versions/A/OpenCL
0x000000000b074000 	/System/Library/PrivateFrameworks/FaceCore.framework/Versions/A/FaceCore
0x000000000b074000 	/System/Library/PrivateFrameworks/Ubiquity.framework/Versions/A/Ubiquity
0x000000000b074000 	/System/Library/PrivateFrameworks/IconServices.framework/Versions/A/IconServices
0x000000000b074000 	/System/Library/PrivateFrameworks/ChunkingLibrary.framework/Versions/A/ChunkingLibrary
0x000000000b074000 	/System/Library/PrivateFrameworks/Apple80211.framework/Versions/A/Apple80211
0x000000000b074000 	/System/Library/Frameworks/CoreWLAN.framework/Versions/A/CoreWLAN
0x000000000b074000 	/System/Library/Frameworks/IOBluetooth.framework/Versions/A/IOBluetooth
0x000000000b074000 	/System/Library/PrivateFrameworks/CoreWiFi.framework/Versions/A/CoreWiFi
0x000000000b074000 	/System/Library/Frameworks/CoreBluetooth.framework/Versions/A/CoreBluetooth
0x000000000b074000 	/System/Library/PrivateFrameworks/DebugSymbols.framework/Versions/A/DebugSymbols
0x000000000b074000 	/System/Library/PrivateFrameworks/CoreSymbolication.framework/Versions/A/CoreSymbolication
0x000000000b074000 	/System/Library/PrivateFrameworks/Symbolication.framework/Versions/A/Symbolication
0x000000000b074000 	/System/Library/PrivateFrameworks/SpeechRecognitionCore.framework/Versions/A/SpeechRecognitionCore
0x0000000110600000 	/Library/Java/JavaVirtualMachines/jdk1.8.0_45.jdk/Contents/Home/jre/lib/server/libjvm.dylib
0x000000000b074000 	/usr/lib/libstdc++.6.dylib
0x000000010f53d000 	/Library/Java/JavaVirtualMachines/jdk1.8.0_45.jdk/Contents/Home/jre/lib/libverify.dylib
0x000000010f54b000 	/Library/Java/JavaVirtualMachines/jdk1.8.0_45.jdk/Contents/Home/jre/lib/libjava.dylib
0x000000010f58a000 	/Library/Java/JavaVirtualMachines/jdk1.8.0_45.jdk/Contents/Home/jre/lib/libzip.dylib
0x000000010f5e3000 	/System/Library/Frameworks/JavaVM.framework/Frameworks/JavaRuntimeSupport.framework/JavaRuntimeSupport
0x000000012d0c7000 	/System/Library/Frameworks/JavaVM.framework/Versions/A/Frameworks/JavaNativeFoundation.framework/Versions/A/JavaNativeFoundation
0x000000012d0dc000 	/System/Library/Frameworks/JavaVM.framework/Versions/A/JavaVM
0x000000000b074000 	/System/Library/Frameworks/Carbon.framework/Versions/A/Carbon
0x000000012d0e9000 	/System/Library/PrivateFrameworks/JavaLaunching.framework/Versions/A/JavaLaunching
0x000000000b074000 	/System/Library/Frameworks/Carbon.framework/Versions/A/Frameworks/CommonPanels.framework/Versions/A/CommonPanels
0x000000000b074000 	/System/Library/Frameworks/Carbon.framework/Versions/A/Frameworks/Help.framework/Versions/A/Help
0x000000000b074000 	/System/Library/Frameworks/Carbon.framework/Versions/A/Frameworks/ImageCapture.framework/Versions/A/ImageCapture
0x000000000b074000 	/System/Library/Frameworks/Carbon.framework/Versions/A/Frameworks/OpenScripting.framework/Versions/A/OpenScripting
0x000000000b074000 	/System/Library/Frameworks/Carbon.framework/Versions/A/Frameworks/Print.framework/Versions/A/Print
0x000000000b074000 	/System/Library/Frameworks/Carbon.framework/Versions/A/Frameworks/SecurityHI.framework/Versions/A/SecurityHI
0x000000012f2b7000 	/Library/Java/JavaVirtualMachines/jdk1.8.0_45.jdk/Contents/Home/jre/lib/libprism_es2.dylib
0x000000000b074000 	/System/Library/Frameworks/OpenGL.framework/Versions/A/Resources/GLEngine.bundle/GLEngine
0x000000000b074000 	/System/Library/Frameworks/OpenGL.framework/Versions/A/Libraries/libGLProgrammability.dylib
0x0000000000000000 	/System/Library/Extensions/AppleIntelHD5000GraphicsGLDriver.bundle/Contents/MacOS/AppleIntelHD5000GraphicsGLDriver
0x000000000b074000 	/System/Library/PrivateFrameworks/IOAccelerator.framework/Versions/A/IOAccelerator
0x000000000b074000 	/System/Library/PrivateFrameworks/GPUSupport.framework/Versions/A/Libraries/libGPUSupportMercury.dylib
0x0000000000000000 	/System/Library/Extensions/GeForceGLDriver.bundle/Contents/MacOS/GeForceGLDriver
0x000000000b074000 	/System/Library/Extensions/GeForceGLDriver.bundle/Contents/MacOS/libclh.dylib
0x000000000b074000 	/System/Library/Frameworks/OpenGL.framework/Versions/A/Resources/GLRendererFloat.bundle/GLRendererFloat
0x000000000b074000 	/System/Library/Frameworks/OpenCL.framework/Versions/A/Libraries/libcldcpuengine.dylib
0x000000000b074000 	/System/Library/PrivateFrameworks/DiskImages.framework/Versions/A/DiskImages
0x000000000b074000 	/System/Library/Frameworks/DiscRecording.framework/Versions/A/DiscRecording
0x000000000b074000 	/usr/lib/libcsfde.dylib
0x000000000b074000 	/usr/lib/libcurl.4.dylib
0x000000000b074000 	/System/Library/PrivateFrameworks/MediaKit.framework/Versions/A/MediaKit
0x000000000b074000 	/System/Library/PrivateFrameworks/ProtectedCloudStorage.framework/Versions/A/ProtectedCloudStorage
0x000000000b074000 	/usr/lib/libCoreStorage.dylib
0x000000000b074000 	/System/Library/PrivateFrameworks/EFILogin.framework/Versions/A/EFILogin
0x000000000b074000 	/usr/lib/libutil.dylib
0x000000000b074000 	/System/Library/PrivateFrameworks/FindMyDevice.framework/Versions/A/FindMyDevice
0x000000000b074000 	/System/Library/Frameworks/LDAP.framework/Versions/A/LDAP
0x000000000b074000 	/usr/lib/libsasl2.2.dylib
0x000000000b074000 	/System/Library/PrivateFrameworks/CoreDaemon.framework/Versions/B/CoreDaemon
0x000000000b074000 	/usr/lib/libcrypto.0.9.8.dylib
0x000000000b074000 	/System/Library/PrivateFrameworks/AppleSRP.framework/Versions/A/AppleSRP
0x000000000b074000 	/System/Library/PrivateFrameworks/TrustEvaluationAgent.framework/Versions/A/TrustEvaluationAgent
0x000000012f9a8000 	/Library/Java/JavaVirtualMachines/jdk1.8.0_45.jdk/Contents/Home/jre/lib/libglass.dylib
0x000000000b074000 	/System/Library/PrivateFrameworks/CoreServicesInternal.framework/Versions/A/CoreServicesInternal
0x000000000b074000 	/System/Library/PrivateFrameworks/CloudDocs.framework/Versions/A/CloudDocs
0x000000000b074000 	/System/Library/PrivateFrameworks/CoreDuet.framework/Versions/A/CoreDuet
0x000000000b074000 	/System/Library/Frameworks/CloudKit.framework/Versions/A/CloudKit
0x000000000b074000 	/System/Library/PrivateFrameworks/ProtocolBuffer.framework/Versions/A/ProtocolBuffer
0x000000000b074000 	/System/Library/PrivateFrameworks/CoreDuetDaemonProtocol.framework/Versions/A/CoreDuetDaemonProtocol
0x000000000b074000 	/System/Library/PrivateFrameworks/CoreDuetDebugLogging.framework/Versions/A/CoreDuetDebugLogging
0x000000000b074000 	/System/Library/PrivateFrameworks/MMCS.framework/Versions/A/MMCS
0x000000000b074000 	/System/Library/Frameworks/CoreLocation.framework/Versions/A/CoreLocation
0x000000000b074000 	/System/Library/PrivateFrameworks/GeoServices.framework/Versions/A/GeoServices
0x000000000b074000 	/System/Library/Frameworks/CoreGraphics.framework/Versions/A/Resources/libCGCMS.A.dylib
0x000000000b074000 	/System/Library/CoreServices/RawCamera.bundle/Contents/MacOS/RawCamera
0x000000000b074000 	/System/Library/Frameworks/CoreGraphics.framework/Versions/A/Resources/libRIP.A.dylib
0x000000000b074000 	/System/Library/PrivateFrameworks/FamilyControls.framework/Versions/A/FamilyControls
0x000000000b074000 	/System/Library/PrivateFrameworks/CommerceKit.framework/Versions/A/Frameworks/CommerceCore.framework/Versions/A/CommerceCore
0x000000000b074000 	/System/Library/PrivateFrameworks/SystemAdministration.framework/Versions/A/SystemAdministration
0x000000000b074000 	/System/Library/PrivateFrameworks/AppContainer.framework/Versions/A/AppContainer
0x000000000b074000 	/System/Library/PrivateFrameworks/SecCodeWrapper.framework/Versions/A/SecCodeWrapper
0x000000000b074000 	/System/Library/Frameworks/DirectoryService.framework/Versions/A/DirectoryService
0x000000000b074000 	/System/Library/PrivateFrameworks/LoginUIKit.framework/Versions/A/Frameworks/LoginUICore.framework/Versions/A/LoginUICore
0x000000000b074000 	/usr/lib/libodfde.dylib
0x00000001337d5000 	/Library/Java/JavaVirtualMachines/jdk1.8.0_45.jdk/Contents/Home/jre/lib/libjfxwebkit.dylib
0x0000000135a0a000 	/Library/Java/JavaVirtualMachines/jdk1.8.0_45.jdk/Contents/Home/jre/lib/libjavafx_font.dylib
0x000000000b074000 	/System/Library/Frameworks/CoreGraphics.framework/Versions/A/Resources/libCGXType.A.dylib
0x0000000138169000 	/Library/Java/JavaVirtualMachines/jdk1.8.0_45.jdk/Contents/Home/jre/lib/libnet.dylib
0x0000000138246000 	cl_kernels
0x00000001387a2000 	/System/Library/Frameworks/OpenCL.framework/Versions/A/Libraries/ImageFormats/unorm8_bgra.dylib
0x000000013824a000 	cl_kernels
0x00000001396c0000 	/Library/Java/JavaVirtualMachines/jdk1.8.0_45.jdk/Contents/Home/jre/lib/libprism_common.dylib
0x000000013a2e0000 	/Library/Java/JavaVirtualMachines/jdk1.8.0_45.jdk/Contents/Home/jre/lib/libnio.dylib
0x000000013ba7d000 	/Library/Java/JavaVirtualMachines/jdk1.8.0_45.jdk/Contents/Home/jre/lib/libglib-lite.dylib
0x000000013bba3000 	/Library/Java/JavaVirtualMachines/jdk1.8.0_45.jdk/Contents/Home/jre/lib/libgstreamer-lite.dylib
0x000000013bd26000 	/Library/Java/JavaVirtualMachines/jdk1.8.0_45.jdk/Contents/Home/jre/lib/libjfxmedia.dylib
0x000000013bd67000 	/Library/Java/JavaVirtualMachines/jdk1.8.0_45.jdk/Contents/Home/jre/lib/libjfxmedia_avf.dylib
0x000000000b074000 	/System/Library/Frameworks/AVFoundation.framework/Versions/A/AVFoundation
0x000000000b074000 	/System/Library/Frameworks/CoreMedia.framework/Versions/A/CoreMedia
0x000000000b074000 	/System/Library/Frameworks/MediaToolbox.framework/Versions/A/MediaToolbox
0x000000000b074000 	/System/Library/Frameworks/AVFoundation.framework/Versions/A/Resources/libAVFAudio.dylib
0x000000000b074000 	/System/Library/Frameworks/VideoToolbox.framework/Versions/A/VideoToolbox
0x000000000b074000 	/System/Library/Frameworks/CoreMediaIO.framework/Versions/A/CoreMediaIO
0x000000000b074000 	/System/Library/PrivateFrameworks/MediaControlSender.framework/Versions/A/MediaControlSender
0x000000000b074000 	/System/Library/PrivateFrameworks/CoreAVCHD.framework/Versions/A/CoreAVCHD
0x000000000b074000 	/System/Library/Frameworks/MediaAccessibility.framework/Versions/A/MediaAccessibility
0x000000000b074000 	/System/Library/PrivateFrameworks/Mangrove.framework/Versions/A/Mangrove
0x000000000b074000 	/System/Library/PrivateFrameworks/CoreAUC.framework/Versions/A/CoreAUC
0x000000000b074000 	/System/Library/PrivateFrameworks/NetworkStatistics.framework/Versions/A/NetworkStatistics
0x000000000b074000 	/System/Library/PrivateFrameworks/AirPlaySupport.framework/Versions/A/AirPlaySupport
0x000000000b074000 	/System/Library/PrivateFrameworks/CoreUtils.framework/Versions/A/CoreUtils
0x000000000b074000 	/System/Library/PrivateFrameworks/AppleVA.framework/Versions/A/AppleVA
0x000000000b074000 	/System/Library/PrivateFrameworks/XPCService.framework/Versions/A/XPCService
0x000000000b074000 	/System/Library/PrivateFrameworks/AppSandbox.framework/Versions/A/AppSandbox
0x000000000b074000 	/usr/lib/libsandbox.1.dylib
0x000000000b074000 	/usr/lib/libMatch.1.dylib
0x000000013bd9f000 	/Library/Java/JavaVirtualMachines/jdk1.8.0_45.jdk/Contents/Home/jre/lib/libjfxmedia_qtkit.dylib
0x000000000b074000 	/System/Library/Frameworks/QTKit.framework/Versions/A/QTKit
0x000000000b074000 	/System/Library/PrivateFrameworks/CoreMediaAuthoring.framework/Versions/A/CoreMediaAuthoring
0x000000013dbc9000 	/Library/Java/JavaVirtualMachines/jdk1.8.0_45.jdk/Contents/Home/jre/lib/libjavafx_iio.dylib
0x0000000136420000 	/Library/Java/JavaVirtualMachines/jdk1.8.0_45.jdk/Contents/Home/jre/lib/libsunec.dylib

VM Arguments:
jvm_args: -Dfile.encoding=UTF-8 
java_command: /Users/dale/NetBeansProjects/NYTimesViewer/dist/run996247896/NYTimesViewer.jar
java_class_path (initial): /Users/dale/NetBeansProjects/NYTimesViewer/dist/run996247896/NYTimesViewer.jar
Launcher Type: SUN_STANDARD

Environment Variables:
PATH=/usr/bin:/bin:/usr/sbin:/sbin
LD_LIBRARY_PATH=/Library/Java/JavaVirtualMachines/jdk1.8.0_45.jdk/Contents/Home/jre/lib/amd64:/Library/Java/JavaVirtualMachines/jdk1.8.0_45.jdk/Contents/Home/jre/lib/i386:
SHELL=/bin/bash
DYLD_LIBRARY_PATH=/Applications/NetBeans/NetBeans 8.0.1.app/Contents/Resources/NetBeans/webcommon/bin:

Signal Handlers:
SIGSEGV: [libjvm.dylib+0x58ef95], sa_mask[0]=11111111011111110111111111111111, sa_flags=SA_ONSTACK|SA_RESTART|SA_SIGINFO
SIGBUS: [libjvm.dylib+0x58ef95], sa_mask[0]=11111111011111110111111111111111, sa_flags=SA_RESTART|SA_SIGINFO
SIGFPE: [libjvm.dylib+0x46c108], sa_mask[0]=11111111011111110111111111111111, sa_flags=SA_RESTART|SA_SIGINFO
SIGPIPE: [libjvm.dylib+0x46c108], sa_mask[0]=11111111011111110111111111111111, sa_flags=SA_RESTART|SA_SIGINFO
SIGXFSZ: [libjvm.dylib+0x46c108], sa_mask[0]=11111111011111110111111111111111, sa_flags=SA_RESTART|SA_SIGINFO
SIGILL: [libjvm.dylib+0x46c108], sa_mask[0]=11111111011111110111111111111111, sa_flags=SA_RESTART|SA_SIGINFO
SIGUSR1: SIG_DFL, sa_mask[0]=00000000000000000000000000000000, sa_flags=none
SIGUSR2: [libjvm.dylib+0x46bc26], sa_mask[0]=00100000000000000000000000000000, sa_flags=SA_RESTART|SA_SIGINFO
SIGHUP: [libjvm.dylib+0x46a1f9], sa_mask[0]=11111111011111110111111111111111, sa_flags=SA_RESTART|SA_SIGINFO
SIGINT: SIG_IGN, sa_mask[0]=00000000000000000000000000000000, sa_flags=none
SIGTERM: [libjvm.dylib+0x46a1f9], sa_mask[0]=11111111011111110111111111111111, sa_flags=SA_RESTART|SA_SIGINFO
SIGQUIT: [libjvm.dylib+0x46a1f9], sa_mask[0]=11111111011111110111111111111111, sa_flags=SA_RESTART|SA_SIGINFO


---------------  S Y S T E M  ---------------

OS:Bsduname:Darwin 14.3.0 Darwin Kernel Version 14.3.0: Mon Mar 23 11:59:05 PDT 2015; root:xnu-2782.20.48~5/RELEASE_X86_64 x86_64
rlimit: STACK 8192k, CORE 0k, NPROC 709, NOFILE 10240, AS infinity
load average:2.32 2.06 1.96

CPU:total 8 (4 cores per cpu, 2 threads per core) family 6 model 70 stepping 1, cmov, cx8, fxsr, mmx, sse, sse2, sse3, ssse3, sse4.1, sse4.2, popcnt, avx, avx2, aes, clmul, erms, rtm, lzcnt, ht, tsc, tscinvbit, bmi1, bmi2

Memory: 4k page, physical 16777216k(2998604k free)

/proc/meminfo:


vm_info: Java HotSpot(TM) 64-Bit Server VM (25.45-b02) for bsd-amd64 JRE (1.8.0_45-b14), built on Apr 10 2015 10:46:38 by "java_re" with gcc 4.2.1 (Based on Apple Inc. build 5658) (LLVM build 2336.11.00)

time: Sun May  3 21:00:36 2015
elapsed time: 124 seconds (0d 0h 2m 4s)

